\BOOKMARK [1][-]{section.1}{\376\377\004\022\004\062\004\065\004\064\004\065\004\075\004\070\004\065}{}% 1
\BOOKMARK [1][-]{section.2}{\376\377\004\042\004\065\004\105\004\075\004\070\004\107\004\065\004\101\004\072\004\076\004\065\000\040\004\067\004\060\004\064\004\060\004\075\004\070\004\065}{}% 2
\BOOKMARK [1][-]{section.3}{\376\377\004\037\004\100\004\076\004\065\004\072\004\102\004\070\004\100\004\076\004\062\004\060\004\075\004\070\004\065\000\040\004\061\004\060\004\067\004\113\000\040\004\064\004\060\004\075\004\075\004\113\004\105}{}% 3
\BOOKMARK [2][-]{subsection.3.1}{\376\377\004\041\004\076\004\067\004\064\004\060\004\075\004\070\004\065\000\040\004\061\004\060\004\067\004\113\000\040\004\064\004\060\004\075\004\075\004\113\004\105}{section.3}% 4
\BOOKMARK [2][-]{subsection.3.2}{\376\377\004\041\004\076\004\067\004\064\004\060\004\075\004\070\004\065\000\040\004\102\004\060\004\061\004\073\004\070\004\106\004\113\000\040\000a\000u\000t\000h\000o\000r}{section.3}% 5
\BOOKMARK [2][-]{subsection.3.3}{\376\377\004\041\004\076\004\067\004\064\004\060\004\075\004\070\004\065\000\040\004\102\004\060\004\061\004\073\004\070\004\106\004\113\000\040\000p\000u\000b\000l\000i\000s\000h\000i\000n\000g\000\137\000h\000o\000u\000s\000e}{section.3}% 6
\BOOKMARK [2][-]{subsection.3.4}{\376\377\004\041\004\076\004\067\004\064\004\060\004\075\004\070\004\065\000\040\004\102\004\060\004\061\004\073\004\070\004\106\004\113\000\040\000b\000o\000o\000k}{section.3}% 7
\BOOKMARK [2][-]{subsection.3.5}{\376\377\004\041\004\076\004\067\004\064\004\060\004\075\004\070\004\065\000\040\004\102\004\060\004\061\004\073\004\070\004\106\004\113\000\040\000r\000e\000a\000d\000e\000r}{section.3}% 8
\BOOKMARK [2][-]{subsection.3.6}{\376\377\004\041\004\076\004\067\004\064\004\060\004\075\004\070\004\065\000\040\004\102\004\060\004\061\004\073\004\070\004\106\004\113\000\040\000b\000o\000o\000k\000\137\000i\000n\000s\000t\000a\000n\000c\000e}{section.3}% 9
\BOOKMARK [2][-]{subsection.3.7}{\376\377\004\041\004\076\004\067\004\064\004\060\004\075\004\070\004\065\000\040\004\102\004\060\004\061\004\073\004\070\004\106\004\113\000\040\000i\000s\000s\000u\000a\000n\000c\000e}{section.3}% 10
\BOOKMARK [2][-]{subsection.3.8}{\376\377\004\041\004\076\004\067\004\064\004\060\004\075\004\070\004\065\000\040\004\102\004\060\004\061\004\073\004\070\004\106\004\113\000\040\000b\000o\000o\000k\000i\000n\000g}{section.3}% 11
\BOOKMARK [1][-]{section.4}{\376\377\004\040\004\065\004\060\004\073\004\070\004\067\004\060\004\106\004\070\004\117\000\040\004\061\004\070\004\067\004\075\004\065\004\101\000-\004\073\004\076\004\063\004\070\004\072\004\070}{}% 12
\BOOKMARK [2][-]{subsection.4.1}{\376\377\004\043\004\077\004\100\004\060\004\062\004\073\004\065\004\075\004\070\004\065\000\040\004\060\004\062\004\102\004\076\004\100\004\060\004\074\004\070\000\040\000\050\000C\000R\000U\000D\000\040\004\076\004\077\004\065\004\100\004\060\004\106\004\070\004\070\000\051}{section.4}% 13
\BOOKMARK [2][-]{subsection.4.2}{\376\377\004\043\004\077\004\100\004\060\004\062\004\073\004\065\004\075\004\070\004\065\000\040\004\070\004\067\004\064\004\060\004\102\004\065\004\073\004\114\004\101\004\102\004\062\004\060\004\074\004\070}{section.4}% 14
\BOOKMARK [2][-]{subsection.4.3}{\376\377\004\043\004\077\004\100\004\060\004\062\004\073\004\065\004\075\004\070\004\065\000\040\004\070\004\075\004\104\004\076\004\100\004\074\004\060\004\106\004\070\004\065\004\071\000\040\004\076\000\040\004\072\004\075\004\070\004\063\004\060\004\105}{section.4}% 15
\BOOKMARK [2][-]{subsection.4.4}{\376\377\004\043\004\077\004\100\004\060\004\062\004\073\004\065\004\075\004\070\004\065\000\040\004\107\004\070\004\102\004\060\004\102\004\065\004\073\004\117\004\074\004\070}{section.4}% 16
\BOOKMARK [2][-]{subsection.4.5}{\376\377\004\043\004\077\004\100\004\060\004\062\004\073\004\065\004\075\004\070\004\065\000\040\004\115\004\072\004\067\004\065\004\074\004\077\004\073\004\117\004\100\004\060\004\074\004\070\000\040\004\072\004\075\004\070\004\063}{section.4}% 17
\BOOKMARK [2][-]{subsection.4.6}{\376\377\004\041\004\106\004\065\004\075\004\060\004\100\004\070\004\071\000\040\004\062\004\113\004\064\004\060\004\107\004\070\000\040\004\072\004\075\004\070\004\063\004\070}{section.4}% 18
\BOOKMARK [2][-]{subsection.4.7}{\376\377\004\041\004\106\004\065\004\075\004\060\004\100\004\070\004\071\000\040\004\062\004\076\004\067\004\062\004\100\004\060\004\102\004\060\000\040\004\072\004\075\004\070\004\063\004\070}{section.4}% 19
\BOOKMARK [2][-]{subsection.4.8}{\376\377\004\037\004\100\004\065\004\064\004\101\004\102\004\060\004\062\004\073\004\065\004\075\004\070\004\065\000\040\004\062\004\113\004\064\004\060\004\075\004\075\004\113\004\105\000\040\004\072\004\075\004\070\004\063}{section.4}% 20
\BOOKMARK [2][-]{subsection.4.9}{\376\377\004\037\004\100\004\065\004\064\004\101\004\102\004\060\004\062\004\073\004\065\004\075\004\070\004\065\000\040\004\077\004\100\004\076\004\101\004\100\004\076\004\107\004\065\004\075\004\075\004\113\004\105\000\040\004\062\004\113\004\064\004\060\004\107}{section.4}% 21
\BOOKMARK [2][-]{subsection.4.10}{\376\377\004\034\004\076\004\064\004\070\004\104\004\070\004\072\004\060\004\106\004\070\004\117\000\040\004\062\004\113\004\064\004\060\004\107\004\070\000\040\004\101\000\040\004\077\004\100\004\076\004\062\004\065\004\100\004\072\004\076\004\071\000\040\004\077\004\100\004\076\004\101\004\100\004\076\004\107\004\065\004\072}{section.4}% 22
\BOOKMARK [2][-]{subsection.4.11}{\376\377\004\041\004\106\004\065\004\075\004\060\004\100\004\070\004\071\000\040\004\061\004\100\004\076\004\075\004\070\004\100\004\076\004\062\004\060\004\075\004\070\004\117\000\040\004\072\004\075\004\070\004\063\004\070}{section.4}% 23
\BOOKMARK [2][-]{subsection.4.12}{\376\377\004\041\004\106\004\065\004\075\004\060\004\100\004\070\004\071\000\040\004\076\004\102\004\074\004\065\004\075\004\113\000\040\004\061\004\100\004\076\004\075\004\070\004\100\004\076\004\062\004\060\004\075\004\070\004\117}{section.4}% 24
\BOOKMARK [2][-]{subsection.4.13}{\376\377\004\034\004\076\004\064\004\070\004\104\004\070\004\072\004\060\004\106\004\070\004\117\000\040\004\062\004\113\004\064\004\060\004\107\004\070\000\040\004\101\000\040\004\077\004\100\004\076\004\062\004\065\004\100\004\072\004\076\004\071\000\040\004\061\004\100\004\076\004\075\004\070\004\100\004\076\004\062\004\060\004\075\004\070\004\071}{section.4}% 25
\BOOKMARK [2][-]{subsection.4.14}{\376\377\004\044\004\103\004\075\004\072\004\106\004\070\004\117\000\040\004\077\004\076\004\070\004\101\004\072\004\060\000\040\004\074\004\065\004\101\004\102\004\076\004\077\004\076\004\073\004\076\004\066\004\065\004\075\004\070\004\071\000\040\004\072\004\075\004\070\004\063\004\070}{section.4}% 26
\BOOKMARK [2][-]{subsection.4.15}{\376\377\004\037\004\100\004\065\004\064\004\101\004\102\004\060\004\062\004\073\004\065\004\075\004\070\004\065\000\040\004\064\004\076\004\101\004\102\004\103\004\077\004\075\004\113\004\105\000\040\004\115\004\072\004\067\004\065\004\074\004\077\004\073\004\117\004\100\004\076\004\062}{section.4}% 27
\BOOKMARK [2][-]{subsection.4.16}{\376\377\004\037\004\100\004\065\004\064\004\101\004\102\004\060\004\062\004\073\004\065\004\075\004\070\004\065\000\040\004\064\004\076\004\073\004\063\004\076\004\101\004\100\004\076\004\107\004\075\004\113\004\105\000\040\004\062\004\113\004\064\004\060\004\107}{section.4}% 28
\BOOKMARK [2][-]{subsection.4.17}{\376\377\004\041\004\076\004\067\004\064\004\060\004\075\004\070\004\065\000\040\004\102\004\060\004\061\004\073\004\070\004\106\004\113\000\040\004\073\004\076\004\063\004\076\004\062}{section.4}% 29
\BOOKMARK [2][-]{subsection.4.18}{\376\377\004\040\004\065\004\060\004\073\004\070\004\067\004\060\004\106\004\070\004\117\000\040\004\102\004\100\004\070\004\063\004\063\004\065\004\100\004\076\004\062\000\040\004\064\004\073\004\117\000\040\004\073\004\076\004\063\004\063\004\070\004\100\004\076\004\062\004\060\004\075\004\070\004\117}{section.4}% 30
\BOOKMARK [1][-]{section.5}{\376\377\004\027\004\060\004\072\004\073\004\116\004\107\004\065\004\075\004\070\004\065}{}% 31
\BOOKMARK [1][-]{section.6}{\376\377\004\041\004\077\004\070\004\101\004\076\004\072\000\040\004\070\004\101\004\077\004\076\004\073\004\114\004\067\004\076\004\062\004\060\004\075\004\075\004\113\004\105\000\040\004\070\004\101\004\102\004\076\004\107\004\075\004\070\004\072\004\076\004\062}{}% 32
